CRITICAL - 2021-12-03 00:00:51 --> Undefined variable $categorias
#0 C:\xampp\htdocs\biblioteca\app\Views\admin\categoria\edit.php(297): CodeIgniter\Debug\Exceptions->errorHandler(2, 'Undefined varia...', 'C:\\xampp\\htdocs...', 297)
#1 C:\xampp\htdocs\biblioteca\system\View\View.php(214): include('C:\\xampp\\htdocs...')
#2 C:\xampp\htdocs\biblioteca\system\View\View.php(217): CodeIgniter\View\View->CodeIgniter\View\{closure}()
#3 C:\xampp\htdocs\biblioteca\system\Common.php(1097): CodeIgniter\View\View->render('/admin/categori...', Array, true)
#4 C:\xampp\htdocs\biblioteca\app\Controllers\CategoriasController.php(49): view('/admin/categori...', Array)
#5 C:\xampp\htdocs\biblioteca\system\CodeIgniter.php(824): App\Controllers\CategoriasController->editar()
#6 C:\xampp\htdocs\biblioteca\system\CodeIgniter.php(410): CodeIgniter\CodeIgniter->runController(Object(App\Controllers\CategoriasController))
#7 C:\xampp\htdocs\biblioteca\system\CodeIgniter.php(318): CodeIgniter\CodeIgniter->handleRequest(NULL, Object(Config\Cache), false)
#8 C:\xampp\htdocs\biblioteca\public\index.php(37): CodeIgniter\CodeIgniter->run()
#9 {main}
CRITICAL - 2021-12-03 00:01:11 --> Undefined variable $categoria
#0 C:\xampp\htdocs\biblioteca\app\Views\admin\categoria\edit.php(297): CodeIgniter\Debug\Exceptions->errorHandler(2, 'Undefined varia...', 'C:\\xampp\\htdocs...', 297)
#1 C:\xampp\htdocs\biblioteca\system\View\View.php(214): include('C:\\xampp\\htdocs...')
#2 C:\xampp\htdocs\biblioteca\system\View\View.php(217): CodeIgniter\View\View->CodeIgniter\View\{closure}()
#3 C:\xampp\htdocs\biblioteca\system\Common.php(1097): CodeIgniter\View\View->render('/admin/categori...', Array, true)
#4 C:\xampp\htdocs\biblioteca\app\Controllers\CategoriasController.php(49): view('/admin/categori...', Array)
#5 C:\xampp\htdocs\biblioteca\system\CodeIgniter.php(824): App\Controllers\CategoriasController->editar()
#6 C:\xampp\htdocs\biblioteca\system\CodeIgniter.php(410): CodeIgniter\CodeIgniter->runController(Object(App\Controllers\CategoriasController))
#7 C:\xampp\htdocs\biblioteca\system\CodeIgniter.php(318): CodeIgniter\CodeIgniter->handleRequest(NULL, Object(Config\Cache), false)
#8 C:\xampp\htdocs\biblioteca\public\index.php(37): CodeIgniter\CodeIgniter->run()
#9 {main}
CRITICAL - 2021-12-03 00:01:48 --> Undefined variable $categorias
#0 C:\xampp\htdocs\biblioteca\app\Views\admin\categoria\edit.php(297): CodeIgniter\Debug\Exceptions->errorHandler(2, 'Undefined varia...', 'C:\\xampp\\htdocs...', 297)
#1 C:\xampp\htdocs\biblioteca\system\View\View.php(214): include('C:\\xampp\\htdocs...')
#2 C:\xampp\htdocs\biblioteca\system\View\View.php(217): CodeIgniter\View\View->CodeIgniter\View\{closure}()
#3 C:\xampp\htdocs\biblioteca\system\Common.php(1097): CodeIgniter\View\View->render('/admin/categori...', Array, true)
#4 C:\xampp\htdocs\biblioteca\app\Controllers\CategoriasController.php(49): view('/admin/categori...', Array)
#5 C:\xampp\htdocs\biblioteca\system\CodeIgniter.php(824): App\Controllers\CategoriasController->editar()
#6 C:\xampp\htdocs\biblioteca\system\CodeIgniter.php(410): CodeIgniter\CodeIgniter->runController(Object(App\Controllers\CategoriasController))
#7 C:\xampp\htdocs\biblioteca\system\CodeIgniter.php(318): CodeIgniter\CodeIgniter->handleRequest(NULL, Object(Config\Cache), false)
#8 C:\xampp\htdocs\biblioteca\public\index.php(37): CodeIgniter\CodeIgniter->run()
#9 {main}
CRITICAL - 2021-12-03 00:03:23 --> Undefined variable $categoria
#0 C:\xampp\htdocs\biblioteca\app\Views\admin\categoria\edit.php(299): CodeIgniter\Debug\Exceptions->errorHandler(2, 'Undefined varia...', 'C:\\xampp\\htdocs...', 299)
#1 C:\xampp\htdocs\biblioteca\system\View\View.php(214): include('C:\\xampp\\htdocs...')
#2 C:\xampp\htdocs\biblioteca\system\View\View.php(217): CodeIgniter\View\View->CodeIgniter\View\{closure}()
#3 C:\xampp\htdocs\biblioteca\system\Common.php(1097): CodeIgniter\View\View->render('/admin/categori...', Array, true)
#4 C:\xampp\htdocs\biblioteca\app\Controllers\CategoriasController.php(49): view('/admin/categori...', Array)
#5 C:\xampp\htdocs\biblioteca\system\CodeIgniter.php(824): App\Controllers\CategoriasController->editar()
#6 C:\xampp\htdocs\biblioteca\system\CodeIgniter.php(410): CodeIgniter\CodeIgniter->runController(Object(App\Controllers\CategoriasController))
#7 C:\xampp\htdocs\biblioteca\system\CodeIgniter.php(318): CodeIgniter\CodeIgniter->handleRequest(NULL, Object(Config\Cache), false)
#8 C:\xampp\htdocs\biblioteca\public\index.php(37): CodeIgniter\CodeIgniter->run()
#9 {main}
CRITICAL - 2021-12-03 00:09:32 --> Undefined variable $datosCategoria
#0 C:\xampp\htdocs\biblioteca\app\Views\admin\categoria\edit.php(299): CodeIgniter\Debug\Exceptions->errorHandler(2, 'Undefined varia...', 'C:\\xampp\\htdocs...', 299)
#1 C:\xampp\htdocs\biblioteca\system\View\View.php(214): include('C:\\xampp\\htdocs...')
#2 C:\xampp\htdocs\biblioteca\system\View\View.php(217): CodeIgniter\View\View->CodeIgniter\View\{closure}()
#3 C:\xampp\htdocs\biblioteca\system\Common.php(1097): CodeIgniter\View\View->render('/admin/categori...', Array, true)
#4 C:\xampp\htdocs\biblioteca\app\Controllers\CategoriasController.php(49): view('/admin/categori...', Array)
#5 C:\xampp\htdocs\biblioteca\system\CodeIgniter.php(824): App\Controllers\CategoriasController->editar()
#6 C:\xampp\htdocs\biblioteca\system\CodeIgniter.php(410): CodeIgniter\CodeIgniter->runController(Object(App\Controllers\CategoriasController))
#7 C:\xampp\htdocs\biblioteca\system\CodeIgniter.php(318): CodeIgniter\CodeIgniter->handleRequest(NULL, Object(Config\Cache), false)
#8 C:\xampp\htdocs\biblioteca\public\index.php(37): CodeIgniter\CodeIgniter->run()
#9 {main}
CRITICAL - 2021-12-03 00:09:37 --> Undefined variable $datosCategoria
#0 C:\xampp\htdocs\biblioteca\app\Views\admin\categoria\edit.php(299): CodeIgniter\Debug\Exceptions->errorHandler(2, 'Undefined varia...', 'C:\\xampp\\htdocs...', 299)
#1 C:\xampp\htdocs\biblioteca\system\View\View.php(214): include('C:\\xampp\\htdocs...')
#2 C:\xampp\htdocs\biblioteca\system\View\View.php(217): CodeIgniter\View\View->CodeIgniter\View\{closure}()
#3 C:\xampp\htdocs\biblioteca\system\Common.php(1097): CodeIgniter\View\View->render('/admin/categori...', Array, true)
#4 C:\xampp\htdocs\biblioteca\app\Controllers\CategoriasController.php(49): view('/admin/categori...', Array)
#5 C:\xampp\htdocs\biblioteca\system\CodeIgniter.php(824): App\Controllers\CategoriasController->editar()
#6 C:\xampp\htdocs\biblioteca\system\CodeIgniter.php(410): CodeIgniter\CodeIgniter->runController(Object(App\Controllers\CategoriasController))
#7 C:\xampp\htdocs\biblioteca\system\CodeIgniter.php(318): CodeIgniter\CodeIgniter->handleRequest(NULL, Object(Config\Cache), false)
#8 C:\xampp\htdocs\biblioteca\public\index.php(37): CodeIgniter\CodeIgniter->run()
#9 {main}
CRITICAL - 2021-12-03 00:13:10 --> Undefined variable $categoria
#0 C:\xampp\htdocs\biblioteca\app\Views\admin\categoria\edit.php(299): CodeIgniter\Debug\Exceptions->errorHandler(2, 'Undefined varia...', 'C:\\xampp\\htdocs...', 299)
#1 C:\xampp\htdocs\biblioteca\system\View\View.php(214): include('C:\\xampp\\htdocs...')
#2 C:\xampp\htdocs\biblioteca\system\View\View.php(217): CodeIgniter\View\View->CodeIgniter\View\{closure}()
#3 C:\xampp\htdocs\biblioteca\system\Common.php(1097): CodeIgniter\View\View->render('/admin/categori...', Array, true)
#4 C:\xampp\htdocs\biblioteca\app\Controllers\CategoriasController.php(49): view('/admin/categori...', Array)
#5 C:\xampp\htdocs\biblioteca\system\CodeIgniter.php(824): App\Controllers\CategoriasController->editar()
#6 C:\xampp\htdocs\biblioteca\system\CodeIgniter.php(410): CodeIgniter\CodeIgniter->runController(Object(App\Controllers\CategoriasController))
#7 C:\xampp\htdocs\biblioteca\system\CodeIgniter.php(318): CodeIgniter\CodeIgniter->handleRequest(NULL, Object(Config\Cache), false)
#8 C:\xampp\htdocs\biblioteca\public\index.php(37): CodeIgniter\CodeIgniter->run()
#9 {main}
CRITICAL - 2021-12-03 00:13:19 --> Undefined variable $categoria
#0 C:\xampp\htdocs\biblioteca\app\Views\admin\categoria\edit.php(299): CodeIgniter\Debug\Exceptions->errorHandler(2, 'Undefined varia...', 'C:\\xampp\\htdocs...', 299)
#1 C:\xampp\htdocs\biblioteca\system\View\View.php(214): include('C:\\xampp\\htdocs...')
#2 C:\xampp\htdocs\biblioteca\system\View\View.php(217): CodeIgniter\View\View->CodeIgniter\View\{closure}()
#3 C:\xampp\htdocs\biblioteca\system\Common.php(1097): CodeIgniter\View\View->render('/admin/categori...', Array, true)
#4 C:\xampp\htdocs\biblioteca\app\Controllers\CategoriasController.php(49): view('/admin/categori...', Array)
#5 C:\xampp\htdocs\biblioteca\system\CodeIgniter.php(824): App\Controllers\CategoriasController->editar()
#6 C:\xampp\htdocs\biblioteca\system\CodeIgniter.php(410): CodeIgniter\CodeIgniter->runController(Object(App\Controllers\CategoriasController))
#7 C:\xampp\htdocs\biblioteca\system\CodeIgniter.php(318): CodeIgniter\CodeIgniter->handleRequest(NULL, Object(Config\Cache), false)
#8 C:\xampp\htdocs\biblioteca\public\index.php(37): CodeIgniter\CodeIgniter->run()
#9 {main}
CRITICAL - 2021-12-03 00:18:25 --> Undefined variable $categoria
#0 C:\xampp\htdocs\biblioteca\app\Views\admin\categoria\edit.php(299): CodeIgniter\Debug\Exceptions->errorHandler(2, 'Undefined varia...', 'C:\\xampp\\htdocs...', 299)
#1 C:\xampp\htdocs\biblioteca\system\View\View.php(214): include('C:\\xampp\\htdocs...')
#2 C:\xampp\htdocs\biblioteca\system\View\View.php(217): CodeIgniter\View\View->CodeIgniter\View\{closure}()
#3 C:\xampp\htdocs\biblioteca\system\Common.php(1097): CodeIgniter\View\View->render('/admin/categori...', Array, true)
#4 C:\xampp\htdocs\biblioteca\app\Controllers\CategoriasController.php(49): view('/admin/categori...', Array)
#5 C:\xampp\htdocs\biblioteca\system\CodeIgniter.php(824): App\Controllers\CategoriasController->editar()
#6 C:\xampp\htdocs\biblioteca\system\CodeIgniter.php(410): CodeIgniter\CodeIgniter->runController(Object(App\Controllers\CategoriasController))
#7 C:\xampp\htdocs\biblioteca\system\CodeIgniter.php(318): CodeIgniter\CodeIgniter->handleRequest(NULL, Object(Config\Cache), false)
#8 C:\xampp\htdocs\biblioteca\public\index.php(37): CodeIgniter\CodeIgniter->run()
#9 {main}
CRITICAL - 2021-12-03 00:18:47 --> Undefined variable $datos
#0 C:\xampp\htdocs\biblioteca\app\Views\admin\categoria\edit.php(299): CodeIgniter\Debug\Exceptions->errorHandler(2, 'Undefined varia...', 'C:\\xampp\\htdocs...', 299)
#1 C:\xampp\htdocs\biblioteca\system\View\View.php(214): include('C:\\xampp\\htdocs...')
#2 C:\xampp\htdocs\biblioteca\system\View\View.php(217): CodeIgniter\View\View->CodeIgniter\View\{closure}()
#3 C:\xampp\htdocs\biblioteca\system\Common.php(1097): CodeIgniter\View\View->render('/admin/categori...', Array, true)
#4 C:\xampp\htdocs\biblioteca\app\Controllers\CategoriasController.php(49): view('/admin/categori...', Array)
#5 C:\xampp\htdocs\biblioteca\system\CodeIgniter.php(824): App\Controllers\CategoriasController->editar()
#6 C:\xampp\htdocs\biblioteca\system\CodeIgniter.php(410): CodeIgniter\CodeIgniter->runController(Object(App\Controllers\CategoriasController))
#7 C:\xampp\htdocs\biblioteca\system\CodeIgniter.php(318): CodeIgniter\CodeIgniter->handleRequest(NULL, Object(Config\Cache), false)
#8 C:\xampp\htdocs\biblioteca\public\index.php(37): CodeIgniter\CodeIgniter->run()
#9 {main}
CRITICAL - 2021-12-03 00:18:52 --> Undefined variable $datos
#0 C:\xampp\htdocs\biblioteca\app\Views\admin\categoria\edit.php(299): CodeIgniter\Debug\Exceptions->errorHandler(2, 'Undefined varia...', 'C:\\xampp\\htdocs...', 299)
#1 C:\xampp\htdocs\biblioteca\system\View\View.php(214): include('C:\\xampp\\htdocs...')
#2 C:\xampp\htdocs\biblioteca\system\View\View.php(217): CodeIgniter\View\View->CodeIgniter\View\{closure}()
#3 C:\xampp\htdocs\biblioteca\system\Common.php(1097): CodeIgniter\View\View->render('/admin/categori...', Array, true)
#4 C:\xampp\htdocs\biblioteca\app\Controllers\CategoriasController.php(49): view('/admin/categori...', Array)
#5 C:\xampp\htdocs\biblioteca\system\CodeIgniter.php(824): App\Controllers\CategoriasController->editar()
#6 C:\xampp\htdocs\biblioteca\system\CodeIgniter.php(410): CodeIgniter\CodeIgniter->runController(Object(App\Controllers\CategoriasController))
#7 C:\xampp\htdocs\biblioteca\system\CodeIgniter.php(318): CodeIgniter\CodeIgniter->handleRequest(NULL, Object(Config\Cache), false)
#8 C:\xampp\htdocs\biblioteca\public\index.php(37): CodeIgniter\CodeIgniter->run()
#9 {main}
CRITICAL - 2021-12-03 00:22:26 --> Undefined variable $datos
#0 C:\xampp\htdocs\biblioteca\app\Views\admin\categoria\edit.php(299): CodeIgniter\Debug\Exceptions->errorHandler(2, 'Undefined varia...', 'C:\\xampp\\htdocs...', 299)
#1 C:\xampp\htdocs\biblioteca\system\View\View.php(214): include('C:\\xampp\\htdocs...')
#2 C:\xampp\htdocs\biblioteca\system\View\View.php(217): CodeIgniter\View\View->CodeIgniter\View\{closure}()
#3 C:\xampp\htdocs\biblioteca\system\Common.php(1097): CodeIgniter\View\View->render('/admin/categori...', Array, true)
#4 C:\xampp\htdocs\biblioteca\app\Controllers\CategoriasController.php(49): view('/admin/categori...', Array)
#5 C:\xampp\htdocs\biblioteca\system\CodeIgniter.php(824): App\Controllers\CategoriasController->editar()
#6 C:\xampp\htdocs\biblioteca\system\CodeIgniter.php(410): CodeIgniter\CodeIgniter->runController(Object(App\Controllers\CategoriasController))
#7 C:\xampp\htdocs\biblioteca\system\CodeIgniter.php(318): CodeIgniter\CodeIgniter->handleRequest(NULL, Object(Config\Cache), false)
#8 C:\xampp\htdocs\biblioteca\public\index.php(37): CodeIgniter\CodeIgniter->run()
#9 {main}
CRITICAL - 2021-12-03 00:26:12 --> view(): Argument #2 ($data) must be of type array, null given, called in C:\xampp\htdocs\biblioteca\app\Controllers\CategoriasController.php on line 49
#0 C:\xampp\htdocs\biblioteca\app\Controllers\CategoriasController.php(49): view('/admin/categori...', NULL)
#1 C:\xampp\htdocs\biblioteca\system\CodeIgniter.php(824): App\Controllers\CategoriasController->editar()
#2 C:\xampp\htdocs\biblioteca\system\CodeIgniter.php(410): CodeIgniter\CodeIgniter->runController(Object(App\Controllers\CategoriasController))
#3 C:\xampp\htdocs\biblioteca\system\CodeIgniter.php(318): CodeIgniter\CodeIgniter->handleRequest(NULL, Object(Config\Cache), false)
#4 C:\xampp\htdocs\biblioteca\public\index.php(37): CodeIgniter\CodeIgniter->run()
#5 {main}
CRITICAL - 2021-12-03 00:33:00 --> Undefined variable $data
#0 C:\xampp\htdocs\biblioteca\app\Controllers\CategoriasController.php(49): CodeIgniter\Debug\Exceptions->errorHandler(2, 'Undefined varia...', 'C:\\xampp\\htdocs...', 49)
#1 C:\xampp\htdocs\biblioteca\system\CodeIgniter.php(824): App\Controllers\CategoriasController->editar()
#2 C:\xampp\htdocs\biblioteca\system\CodeIgniter.php(410): CodeIgniter\CodeIgniter->runController(Object(App\Controllers\CategoriasController))
#3 C:\xampp\htdocs\biblioteca\system\CodeIgniter.php(318): CodeIgniter\CodeIgniter->handleRequest(NULL, Object(Config\Cache), false)
#4 C:\xampp\htdocs\biblioteca\public\index.php(37): CodeIgniter\CodeIgniter->run()
#5 {main}
CRITICAL - 2021-12-03 00:33:30 --> syntax error, unexpected single-quoted string "nombreC", expecting "]"
#0 C:\xampp\htdocs\biblioteca\system\Autoloader\Autoloader.php(241): CodeIgniter\Autoloader\Autoloader->includeFile('C:\\xampp\\htdocs...')
#1 C:\xampp\htdocs\biblioteca\system\Autoloader\Autoloader.php(219): CodeIgniter\Autoloader\Autoloader->loadInNamespace('App\\Controllers...')
#2 [internal function]: CodeIgniter\Autoloader\Autoloader->loadClass('App\\Controllers...')
#3 C:\xampp\htdocs\biblioteca\system\CodeIgniter.php(789): class_exists('\\App\\Controller...', true)
#4 C:\xampp\htdocs\biblioteca\system\CodeIgniter.php(397): CodeIgniter\CodeIgniter->startController()
#5 C:\xampp\htdocs\biblioteca\system\CodeIgniter.php(318): CodeIgniter\CodeIgniter->handleRequest(NULL, Object(Config\Cache), false)
#6 C:\xampp\htdocs\biblioteca\public\index.php(37): CodeIgniter\CodeIgniter->run()
#7 {main}
CRITICAL - 2021-12-03 00:33:40 --> Trying to access array offset on value of type null
#0 C:\xampp\htdocs\biblioteca\app\Controllers\CategoriasController.php(49): CodeIgniter\Debug\Exceptions->errorHandler(2, 'Trying to acces...', 'C:\\xampp\\htdocs...', 49)
#1 C:\xampp\htdocs\biblioteca\system\CodeIgniter.php(824): App\Controllers\CategoriasController->editar()
#2 C:\xampp\htdocs\biblioteca\system\CodeIgniter.php(410): CodeIgniter\CodeIgniter->runController(Object(App\Controllers\CategoriasController))
#3 C:\xampp\htdocs\biblioteca\system\CodeIgniter.php(318): CodeIgniter\CodeIgniter->handleRequest(NULL, Object(Config\Cache), false)
#4 C:\xampp\htdocs\biblioteca\public\index.php(37): CodeIgniter\CodeIgniter->run()
#5 {main}
CRITICAL - 2021-12-03 00:35:19 --> Trying to access array offset on value of type null
#0 C:\xampp\htdocs\biblioteca\app\Controllers\CategoriasController.php(49): CodeIgniter\Debug\Exceptions->errorHandler(2, 'Trying to acces...', 'C:\\xampp\\htdocs...', 49)
#1 C:\xampp\htdocs\biblioteca\system\CodeIgniter.php(824): App\Controllers\CategoriasController->editar()
#2 C:\xampp\htdocs\biblioteca\system\CodeIgniter.php(410): CodeIgniter\CodeIgniter->runController(Object(App\Controllers\CategoriasController))
#3 C:\xampp\htdocs\biblioteca\system\CodeIgniter.php(318): CodeIgniter\CodeIgniter->handleRequest(NULL, Object(Config\Cache), false)
#4 C:\xampp\htdocs\biblioteca\public\index.php(37): CodeIgniter\CodeIgniter->run()
#5 {main}
CRITICAL - 2021-12-03 00:36:33 --> Too few arguments to function App\Controllers\CategoriasController::editar(), 0 passed in C:\xampp\htdocs\biblioteca\system\CodeIgniter.php on line 824 and exactly 1 expected
#0 C:\xampp\htdocs\biblioteca\system\CodeIgniter.php(824): App\Controllers\CategoriasController->editar()
#1 C:\xampp\htdocs\biblioteca\system\CodeIgniter.php(410): CodeIgniter\CodeIgniter->runController(Object(App\Controllers\CategoriasController))
#2 C:\xampp\htdocs\biblioteca\system\CodeIgniter.php(318): CodeIgniter\CodeIgniter->handleRequest(NULL, Object(Config\Cache), false)
#3 C:\xampp\htdocs\biblioteca\public\index.php(37): CodeIgniter\CodeIgniter->run()
#4 {main}
CRITICAL - 2021-12-03 00:41:08 --> Too few arguments to function App\Controllers\CategoriasController::editar(), 0 passed in C:\xampp\htdocs\biblioteca\system\CodeIgniter.php on line 824 and exactly 1 expected
#0 C:\xampp\htdocs\biblioteca\system\CodeIgniter.php(824): App\Controllers\CategoriasController->editar()
#1 C:\xampp\htdocs\biblioteca\system\CodeIgniter.php(410): CodeIgniter\CodeIgniter->runController(Object(App\Controllers\CategoriasController))
#2 C:\xampp\htdocs\biblioteca\system\CodeIgniter.php(318): CodeIgniter\CodeIgniter->handleRequest(NULL, Object(Config\Cache), false)
#3 C:\xampp\htdocs\biblioteca\public\index.php(37): CodeIgniter\CodeIgniter->run()
#4 {main}
CRITICAL - 2021-12-03 00:41:34 --> Undefined variable $dewey
#0 C:\xampp\htdocs\biblioteca\app\Views\admin\categoria\edit.php(299): CodeIgniter\Debug\Exceptions->errorHandler(2, 'Undefined varia...', 'C:\\xampp\\htdocs...', 299)
#1 C:\xampp\htdocs\biblioteca\system\View\View.php(214): include('C:\\xampp\\htdocs...')
#2 C:\xampp\htdocs\biblioteca\system\View\View.php(217): CodeIgniter\View\View->CodeIgniter\View\{closure}()
#3 C:\xampp\htdocs\biblioteca\system\Common.php(1097): CodeIgniter\View\View->render('/admin/categori...', Array, true)
#4 C:\xampp\htdocs\biblioteca\app\Controllers\CategoriasController.php(54): view('/admin/categori...', Array)
#5 C:\xampp\htdocs\biblioteca\system\CodeIgniter.php(824): App\Controllers\CategoriasController->editar('1')
#6 C:\xampp\htdocs\biblioteca\system\CodeIgniter.php(410): CodeIgniter\CodeIgniter->runController(Object(App\Controllers\CategoriasController))
#7 C:\xampp\htdocs\biblioteca\system\CodeIgniter.php(318): CodeIgniter\CodeIgniter->handleRequest(NULL, Object(Config\Cache), false)
#8 C:\xampp\htdocs\biblioteca\public\index.php(37): CodeIgniter\CodeIgniter->run()
#9 {main}
CRITICAL - 2021-12-03 00:42:52 --> Undefined variable $dewey
#0 C:\xampp\htdocs\biblioteca\app\Views\admin\categoria\edit.php(299): CodeIgniter\Debug\Exceptions->errorHandler(2, 'Undefined varia...', 'C:\\xampp\\htdocs...', 299)
#1 C:\xampp\htdocs\biblioteca\system\View\View.php(214): include('C:\\xampp\\htdocs...')
#2 C:\xampp\htdocs\biblioteca\system\View\View.php(217): CodeIgniter\View\View->CodeIgniter\View\{closure}()
#3 C:\xampp\htdocs\biblioteca\system\Common.php(1097): CodeIgniter\View\View->render('/admin/categori...', Array, true)
#4 C:\xampp\htdocs\biblioteca\app\Controllers\CategoriasController.php(50): view('/admin/categori...', Array)
#5 C:\xampp\htdocs\biblioteca\system\CodeIgniter.php(824): App\Controllers\CategoriasController->editar('1')
#6 C:\xampp\htdocs\biblioteca\system\CodeIgniter.php(410): CodeIgniter\CodeIgniter->runController(Object(App\Controllers\CategoriasController))
#7 C:\xampp\htdocs\biblioteca\system\CodeIgniter.php(318): CodeIgniter\CodeIgniter->handleRequest(NULL, Object(Config\Cache), false)
#8 C:\xampp\htdocs\biblioteca\public\index.php(37): CodeIgniter\CodeIgniter->run()
#9 {main}
CRITICAL - 2021-12-03 01:07:32 --> Undefined variable $idCategoria
#0 C:\xampp\htdocs\biblioteca\app\Views\admin\categoria\edit.php(297): CodeIgniter\Debug\Exceptions->errorHandler(2, 'Undefined varia...', 'C:\\xampp\\htdocs...', 297)
#1 C:\xampp\htdocs\biblioteca\system\View\View.php(214): include('C:\\xampp\\htdocs...')
#2 C:\xampp\htdocs\biblioteca\system\View\View.php(217): CodeIgniter\View\View->CodeIgniter\View\{closure}()
#3 C:\xampp\htdocs\biblioteca\system\Common.php(1097): CodeIgniter\View\View->render('/admin/categori...', Array, true)
#4 C:\xampp\htdocs\biblioteca\app\Controllers\CategoriasController.php(50): view('/admin/categori...', Array)
#5 C:\xampp\htdocs\biblioteca\system\CodeIgniter.php(824): App\Controllers\CategoriasController->editar('1')
#6 C:\xampp\htdocs\biblioteca\system\CodeIgniter.php(410): CodeIgniter\CodeIgniter->runController(Object(App\Controllers\CategoriasController))
#7 C:\xampp\htdocs\biblioteca\system\CodeIgniter.php(318): CodeIgniter\CodeIgniter->handleRequest(NULL, Object(Config\Cache), false)
#8 C:\xampp\htdocs\biblioteca\public\index.php(37): CodeIgniter\CodeIgniter->run()
#9 {main}
CRITICAL - 2021-12-03 01:07:56 --> Undefined variable $idCategoria
#0 C:\xampp\htdocs\biblioteca\app\Views\admin\categoria\edit.php(297): CodeIgniter\Debug\Exceptions->errorHandler(2, 'Undefined varia...', 'C:\\xampp\\htdocs...', 297)
#1 C:\xampp\htdocs\biblioteca\system\View\View.php(214): include('C:\\xampp\\htdocs...')
#2 C:\xampp\htdocs\biblioteca\system\View\View.php(217): CodeIgniter\View\View->CodeIgniter\View\{closure}()
#3 C:\xampp\htdocs\biblioteca\system\Common.php(1097): CodeIgniter\View\View->render('/admin/categori...', Array, true)
#4 C:\xampp\htdocs\biblioteca\app\Controllers\CategoriasController.php(50): view('/admin/categori...', Array)
#5 C:\xampp\htdocs\biblioteca\system\CodeIgniter.php(824): App\Controllers\CategoriasController->editar('1')
#6 C:\xampp\htdocs\biblioteca\system\CodeIgniter.php(410): CodeIgniter\CodeIgniter->runController(Object(App\Controllers\CategoriasController))
#7 C:\xampp\htdocs\biblioteca\system\CodeIgniter.php(318): CodeIgniter\CodeIgniter->handleRequest(NULL, Object(Config\Cache), false)
#8 C:\xampp\htdocs\biblioteca\public\index.php(37): CodeIgniter\CodeIgniter->run()
#9 {main}
CRITICAL - 2021-12-03 01:08:08 --> Illegal offset type
#0 C:\xampp\htdocs\biblioteca\system\View\View.php(214): include()
#1 C:\xampp\htdocs\biblioteca\system\View\View.php(217): CodeIgniter\View\View->CodeIgniter\View\{closure}()
#2 C:\xampp\htdocs\biblioteca\system\Common.php(1097): CodeIgniter\View\View->render('/admin/categori...', Array, true)
#3 C:\xampp\htdocs\biblioteca\app\Controllers\CategoriasController.php(50): view('/admin/categori...', Array)
#4 C:\xampp\htdocs\biblioteca\system\CodeIgniter.php(824): App\Controllers\CategoriasController->editar('1')
#5 C:\xampp\htdocs\biblioteca\system\CodeIgniter.php(410): CodeIgniter\CodeIgniter->runController(Object(App\Controllers\CategoriasController))
#6 C:\xampp\htdocs\biblioteca\system\CodeIgniter.php(318): CodeIgniter\CodeIgniter->handleRequest(NULL, Object(Config\Cache), false)
#7 C:\xampp\htdocs\biblioteca\public\index.php(37): CodeIgniter\CodeIgniter->run()
#8 {main}
CRITICAL - 2021-12-03 01:08:23 --> Illegal offset type
#0 C:\xampp\htdocs\biblioteca\system\View\View.php(214): include()
#1 C:\xampp\htdocs\biblioteca\system\View\View.php(217): CodeIgniter\View\View->CodeIgniter\View\{closure}()
#2 C:\xampp\htdocs\biblioteca\system\Common.php(1097): CodeIgniter\View\View->render('/admin/categori...', Array, true)
#3 C:\xampp\htdocs\biblioteca\app\Controllers\CategoriasController.php(50): view('/admin/categori...', Array)
#4 C:\xampp\htdocs\biblioteca\system\CodeIgniter.php(824): App\Controllers\CategoriasController->editar('1')
#5 C:\xampp\htdocs\biblioteca\system\CodeIgniter.php(410): CodeIgniter\CodeIgniter->runController(Object(App\Controllers\CategoriasController))
#6 C:\xampp\htdocs\biblioteca\system\CodeIgniter.php(318): CodeIgniter\CodeIgniter->handleRequest(NULL, Object(Config\Cache), false)
#7 C:\xampp\htdocs\biblioteca\public\index.php(37): CodeIgniter\CodeIgniter->run()
#8 {main}
CRITICAL - 2021-12-03 01:08:36 --> Undefined variable $idCategoria
#0 C:\xampp\htdocs\biblioteca\app\Views\admin\categoria\edit.php(297): CodeIgniter\Debug\Exceptions->errorHandler(2, 'Undefined varia...', 'C:\\xampp\\htdocs...', 297)
#1 C:\xampp\htdocs\biblioteca\system\View\View.php(214): include('C:\\xampp\\htdocs...')
#2 C:\xampp\htdocs\biblioteca\system\View\View.php(217): CodeIgniter\View\View->CodeIgniter\View\{closure}()
#3 C:\xampp\htdocs\biblioteca\system\Common.php(1097): CodeIgniter\View\View->render('/admin/categori...', Array, true)
#4 C:\xampp\htdocs\biblioteca\app\Controllers\CategoriasController.php(50): view('/admin/categori...', Array)
#5 C:\xampp\htdocs\biblioteca\system\CodeIgniter.php(824): App\Controllers\CategoriasController->editar('1')
#6 C:\xampp\htdocs\biblioteca\system\CodeIgniter.php(410): CodeIgniter\CodeIgniter->runController(Object(App\Controllers\CategoriasController))
#7 C:\xampp\htdocs\biblioteca\system\CodeIgniter.php(318): CodeIgniter\CodeIgniter->handleRequest(NULL, Object(Config\Cache), false)
#8 C:\xampp\htdocs\biblioteca\public\index.php(37): CodeIgniter\CodeIgniter->run()
#9 {main}
CRITICAL - 2021-12-03 01:17:17 --> Undefined variable $categorias
#0 C:\xampp\htdocs\biblioteca\app\Views\admin\categoria\listar.php(307): CodeIgniter\Debug\Exceptions->errorHandler(2, 'Undefined varia...', 'C:\\xampp\\htdocs...', 307)
#1 C:\xampp\htdocs\biblioteca\system\View\View.php(214): include('C:\\xampp\\htdocs...')
#2 C:\xampp\htdocs\biblioteca\system\View\View.php(217): CodeIgniter\View\View->CodeIgniter\View\{closure}()
#3 C:\xampp\htdocs\biblioteca\system\Common.php(1097): CodeIgniter\View\View->render('/admin/categori...', Array, true)
#4 C:\xampp\htdocs\biblioteca\app\Controllers\CategoriasController.php(63): view('/admin/categori...', Array)
#5 C:\xampp\htdocs\biblioteca\system\CodeIgniter.php(824): App\Controllers\CategoriasController->actualizar()
#6 C:\xampp\htdocs\biblioteca\system\CodeIgniter.php(410): CodeIgniter\CodeIgniter->runController(Object(App\Controllers\CategoriasController))
#7 C:\xampp\htdocs\biblioteca\system\CodeIgniter.php(318): CodeIgniter\CodeIgniter->handleRequest(NULL, Object(Config\Cache), false)
#8 C:\xampp\htdocs\biblioteca\public\index.php(37): CodeIgniter\CodeIgniter->run()
#9 {main}
CRITICAL - 2021-12-03 01:18:40 --> Undefined variable $categorias
#0 C:\xampp\htdocs\biblioteca\app\Views\admin\categoria\listar.php(307): CodeIgniter\Debug\Exceptions->errorHandler(2, 'Undefined varia...', 'C:\\xampp\\htdocs...', 307)
#1 C:\xampp\htdocs\biblioteca\system\View\View.php(214): include('C:\\xampp\\htdocs...')
#2 C:\xampp\htdocs\biblioteca\system\View\View.php(217): CodeIgniter\View\View->CodeIgniter\View\{closure}()
#3 C:\xampp\htdocs\biblioteca\system\Common.php(1097): CodeIgniter\View\View->render('/admin/categori...', Array, true)
#4 C:\xampp\htdocs\biblioteca\app\Controllers\CategoriasController.php(63): view('/admin/categori...', Array)
#5 C:\xampp\htdocs\biblioteca\system\CodeIgniter.php(824): App\Controllers\CategoriasController->actualizar()
#6 C:\xampp\htdocs\biblioteca\system\CodeIgniter.php(410): CodeIgniter\CodeIgniter->runController(Object(App\Controllers\CategoriasController))
#7 C:\xampp\htdocs\biblioteca\system\CodeIgniter.php(318): CodeIgniter\CodeIgniter->handleRequest(NULL, Object(Config\Cache), false)
#8 C:\xampp\htdocs\biblioteca\public\index.php(37): CodeIgniter\CodeIgniter->run()
#9 {main}
CRITICAL - 2021-12-03 01:26:38 --> Undefined variable $idCategoria
#0 C:\xampp\htdocs\biblioteca\app\Controllers\CategoriasController.php(62): CodeIgniter\Debug\Exceptions->errorHandler(2, 'Undefined varia...', 'C:\\xampp\\htdocs...', 62)
#1 C:\xampp\htdocs\biblioteca\system\CodeIgniter.php(824): App\Controllers\CategoriasController->actualizar()
#2 C:\xampp\htdocs\biblioteca\system\CodeIgniter.php(410): CodeIgniter\CodeIgniter->runController(Object(App\Controllers\CategoriasController))
#3 C:\xampp\htdocs\biblioteca\system\CodeIgniter.php(318): CodeIgniter\CodeIgniter->handleRequest(NULL, Object(Config\Cache), false)
#4 C:\xampp\htdocs\biblioteca\public\index.php(37): CodeIgniter\CodeIgniter->run()
#5 {main}
CRITICAL - 2021-12-03 01:30:14 --> Undefined variable $idCategoria
#0 C:\xampp\htdocs\biblioteca\app\Controllers\CategoriasController.php(62): CodeIgniter\Debug\Exceptions->errorHandler(2, 'Undefined varia...', 'C:\\xampp\\htdocs...', 62)
#1 C:\xampp\htdocs\biblioteca\system\CodeIgniter.php(824): App\Controllers\CategoriasController->actualizar()
#2 C:\xampp\htdocs\biblioteca\system\CodeIgniter.php(410): CodeIgniter\CodeIgniter->runController(Object(App\Controllers\CategoriasController))
#3 C:\xampp\htdocs\biblioteca\system\CodeIgniter.php(318): CodeIgniter\CodeIgniter->handleRequest(NULL, Object(Config\Cache), false)
#4 C:\xampp\htdocs\biblioteca\public\index.php(37): CodeIgniter\CodeIgniter->run()
#5 {main}
CRITICAL - 2021-12-03 01:51:01 --> min_lenght is not a valid rule.
#0 C:\xampp\htdocs\biblioteca\system\Validation\Validation.php(285): CodeIgniter\Validation\Exceptions\ValidationException::forRuleNotFound('min_lenght')
#1 C:\xampp\htdocs\biblioteca\system\Validation\Validation.php(151): CodeIgniter\Validation\Validation->processRules('codigoD', 'codigoD', '1', Array, Array)
#2 C:\xampp\htdocs\biblioteca\system\Controller.php(160): CodeIgniter\Validation\Validation->run()
#3 C:\xampp\htdocs\biblioteca\app\Controllers\CategoriasController.php(34): CodeIgniter\Controller->validate(Array)
#4 C:\xampp\htdocs\biblioteca\system\CodeIgniter.php(824): App\Controllers\CategoriasController->guardar()
#5 C:\xampp\htdocs\biblioteca\system\CodeIgniter.php(410): CodeIgniter\CodeIgniter->runController(Object(App\Controllers\CategoriasController))
#6 C:\xampp\htdocs\biblioteca\system\CodeIgniter.php(318): CodeIgniter\CodeIgniter->handleRequest(NULL, Object(Config\Cache), false)
#7 C:\xampp\htdocs\biblioteca\public\index.php(37): CodeIgniter\CodeIgniter->run()
#8 {main}
CRITICAL - 2021-12-03 01:55:53 --> Call to undefined function sessions()
#0 C:\xampp\htdocs\biblioteca\system\View\View.php(214): include()
#1 C:\xampp\htdocs\biblioteca\system\View\View.php(217): CodeIgniter\View\View->CodeIgniter\View\{closure}()
#2 C:\xampp\htdocs\biblioteca\system\Common.php(1097): CodeIgniter\View\View->render('admin/categoria...', Array, true)
#3 C:\xampp\htdocs\biblioteca\app\Controllers\CategoriasController.php(27): view('admin/categoria...')
#4 C:\xampp\htdocs\biblioteca\system\CodeIgniter.php(824): App\Controllers\CategoriasController->admincrearcategoria()
#5 C:\xampp\htdocs\biblioteca\system\CodeIgniter.php(410): CodeIgniter\CodeIgniter->runController(Object(App\Controllers\CategoriasController))
#6 C:\xampp\htdocs\biblioteca\system\CodeIgniter.php(318): CodeIgniter\CodeIgniter->handleRequest(NULL, Object(Config\Cache), false)
#7 C:\xampp\htdocs\biblioteca\public\index.php(37): CodeIgniter\CodeIgniter->run()
#8 {main}
CRITICAL - 2021-12-03 01:56:25 --> min_lenght is not a valid rule.
#0 C:\xampp\htdocs\biblioteca\system\Validation\Validation.php(285): CodeIgniter\Validation\Exceptions\ValidationException::forRuleNotFound('min_lenght')
#1 C:\xampp\htdocs\biblioteca\system\Validation\Validation.php(151): CodeIgniter\Validation\Validation->processRules('codigoD', 'codigoD', '1', Array, Array)
#2 C:\xampp\htdocs\biblioteca\system\Controller.php(160): CodeIgniter\Validation\Validation->run()
#3 C:\xampp\htdocs\biblioteca\app\Controllers\CategoriasController.php(34): CodeIgniter\Controller->validate(Array)
#4 C:\xampp\htdocs\biblioteca\system\CodeIgniter.php(824): App\Controllers\CategoriasController->guardar()
#5 C:\xampp\htdocs\biblioteca\system\CodeIgniter.php(410): CodeIgniter\CodeIgniter->runController(Object(App\Controllers\CategoriasController))
#6 C:\xampp\htdocs\biblioteca\system\CodeIgniter.php(318): CodeIgniter\CodeIgniter->handleRequest(NULL, Object(Config\Cache), false)
#7 C:\xampp\htdocs\biblioteca\public\index.php(37): CodeIgniter\CodeIgniter->run()
#8 {main}
CRITICAL - 2021-12-03 01:57:11 --> min_lenght is not a valid rule.
#0 C:\xampp\htdocs\biblioteca\system\Validation\Validation.php(285): CodeIgniter\Validation\Exceptions\ValidationException::forRuleNotFound('min_lenght')
#1 C:\xampp\htdocs\biblioteca\system\Validation\Validation.php(151): CodeIgniter\Validation\Validation->processRules('nombreC', 'nombreC', 's', Array, Array)
#2 C:\xampp\htdocs\biblioteca\system\Controller.php(160): CodeIgniter\Validation\Validation->run()
#3 C:\xampp\htdocs\biblioteca\app\Controllers\CategoriasController.php(34): CodeIgniter\Controller->validate(Array)
#4 C:\xampp\htdocs\biblioteca\system\CodeIgniter.php(824): App\Controllers\CategoriasController->guardar()
#5 C:\xampp\htdocs\biblioteca\system\CodeIgniter.php(410): CodeIgniter\CodeIgniter->runController(Object(App\Controllers\CategoriasController))
#6 C:\xampp\htdocs\biblioteca\system\CodeIgniter.php(318): CodeIgniter\CodeIgniter->handleRequest(NULL, Object(Config\Cache), false)
#7 C:\xampp\htdocs\biblioteca\public\index.php(37): CodeIgniter\CodeIgniter->run()
#8 {main}
