CRITICAL - 2021-12-01 13:43:46 --> Call to undefined function set_value()
#0 C:\xampp\htdocs\biblioteca\system\View\View.php(214): include()
#1 C:\xampp\htdocs\biblioteca\system\View\View.php(217): CodeIgniter\View\View->CodeIgniter\View\{closure}()
#2 C:\xampp\htdocs\biblioteca\system\Common.php(1097): CodeIgniter\View\View->render('login/login.php', Array, true)
#3 C:\xampp\htdocs\biblioteca\app\Controllers\Home.php(14): view('login/login.php')
#4 C:\xampp\htdocs\biblioteca\system\CodeIgniter.php(824): App\Controllers\Home->login()
#5 C:\xampp\htdocs\biblioteca\system\CodeIgniter.php(410): CodeIgniter\CodeIgniter->runController(Object(App\Controllers\Home))
#6 C:\xampp\htdocs\biblioteca\system\CodeIgniter.php(318): CodeIgniter\CodeIgniter->handleRequest(NULL, Object(Config\Cache), false)
#7 C:\xampp\htdocs\biblioteca\public\index.php(37): CodeIgniter\CodeIgniter->run()
#8 C:\xampp\htdocs\biblioteca\system\Commands\Server\rewrite.php(43): require_once('C:\\xampp\\htdocs...')
#9 {main}
CRITICAL - 2021-12-01 13:44:20 --> Call to undefined function set_value()
#0 C:\xampp\htdocs\biblioteca\system\View\View.php(214): include()
#1 C:\xampp\htdocs\biblioteca\system\View\View.php(217): CodeIgniter\View\View->CodeIgniter\View\{closure}()
#2 C:\xampp\htdocs\biblioteca\system\Common.php(1097): CodeIgniter\View\View->render('login/login.php', Array, true)
#3 C:\xampp\htdocs\biblioteca\app\Controllers\Home.php(14): view('login/login.php')
#4 C:\xampp\htdocs\biblioteca\system\CodeIgniter.php(824): App\Controllers\Home->login()
#5 C:\xampp\htdocs\biblioteca\system\CodeIgniter.php(410): CodeIgniter\CodeIgniter->runController(Object(App\Controllers\Home))
#6 C:\xampp\htdocs\biblioteca\system\CodeIgniter.php(318): CodeIgniter\CodeIgniter->handleRequest(NULL, Object(Config\Cache), false)
#7 C:\xampp\htdocs\biblioteca\public\index.php(37): CodeIgniter\CodeIgniter->run()
#8 C:\xampp\htdocs\biblioteca\system\Commands\Server\rewrite.php(43): require_once('C:\\xampp\\htdocs...')
#9 {main}
CRITICAL - 2021-12-01 13:44:37 --> Call to undefined function set_value()
#0 C:\xampp\htdocs\biblioteca\system\View\View.php(214): include()
#1 C:\xampp\htdocs\biblioteca\system\View\View.php(217): CodeIgniter\View\View->CodeIgniter\View\{closure}()
#2 C:\xampp\htdocs\biblioteca\system\Common.php(1097): CodeIgniter\View\View->render('login/login.php', Array, true)
#3 C:\xampp\htdocs\biblioteca\app\Controllers\Home.php(14): view('login/login.php')
#4 C:\xampp\htdocs\biblioteca\system\CodeIgniter.php(824): App\Controllers\Home->login()
#5 C:\xampp\htdocs\biblioteca\system\CodeIgniter.php(410): CodeIgniter\CodeIgniter->runController(Object(App\Controllers\Home))
#6 C:\xampp\htdocs\biblioteca\system\CodeIgniter.php(318): CodeIgniter\CodeIgniter->handleRequest(NULL, Object(Config\Cache), false)
#7 C:\xampp\htdocs\biblioteca\public\index.php(37): CodeIgniter\CodeIgniter->run()
#8 C:\xampp\htdocs\biblioteca\system\Commands\Server\rewrite.php(43): require_once('C:\\xampp\\htdocs...')
#9 {main}
CRITICAL - 2021-12-01 13:45:03 --> Call to undefined function set_value()
#0 C:\xampp\htdocs\biblioteca\system\View\View.php(214): include()
#1 C:\xampp\htdocs\biblioteca\system\View\View.php(217): CodeIgniter\View\View->CodeIgniter\View\{closure}()
#2 C:\xampp\htdocs\biblioteca\system\Common.php(1097): CodeIgniter\View\View->render('login/login.php', Array, true)
#3 C:\xampp\htdocs\biblioteca\app\Controllers\Home.php(14): view('login/login.php')
#4 C:\xampp\htdocs\biblioteca\system\CodeIgniter.php(824): App\Controllers\Home->login()
#5 C:\xampp\htdocs\biblioteca\system\CodeIgniter.php(410): CodeIgniter\CodeIgniter->runController(Object(App\Controllers\Home))
#6 C:\xampp\htdocs\biblioteca\system\CodeIgniter.php(318): CodeIgniter\CodeIgniter->handleRequest(NULL, Object(Config\Cache), false)
#7 C:\xampp\htdocs\biblioteca\public\index.php(37): CodeIgniter\CodeIgniter->run()
#8 C:\xampp\htdocs\biblioteca\system\Commands\Server\rewrite.php(43): require_once('C:\\xampp\\htdocs...')
#9 {main}
CRITICAL - 2021-12-01 13:45:12 --> Call to undefined function set_value()
#0 C:\xampp\htdocs\biblioteca\system\View\View.php(214): include()
#1 C:\xampp\htdocs\biblioteca\system\View\View.php(217): CodeIgniter\View\View->CodeIgniter\View\{closure}()
#2 C:\xampp\htdocs\biblioteca\system\Common.php(1097): CodeIgniter\View\View->render('login/login.php', Array, true)
#3 C:\xampp\htdocs\biblioteca\app\Controllers\Home.php(14): view('login/login.php')
#4 C:\xampp\htdocs\biblioteca\system\CodeIgniter.php(824): App\Controllers\Home->login()
#5 C:\xampp\htdocs\biblioteca\system\CodeIgniter.php(410): CodeIgniter\CodeIgniter->runController(Object(App\Controllers\Home))
#6 C:\xampp\htdocs\biblioteca\system\CodeIgniter.php(318): CodeIgniter\CodeIgniter->handleRequest(NULL, Object(Config\Cache), false)
#7 C:\xampp\htdocs\biblioteca\public\index.php(37): CodeIgniter\CodeIgniter->run()
#8 C:\xampp\htdocs\biblioteca\system\Commands\Server\rewrite.php(43): require_once('C:\\xampp\\htdocs...')
#9 {main}
CRITICAL - 2021-12-01 13:45:26 --> Call to undefined function set_value()
#0 C:\xampp\htdocs\biblioteca\system\View\View.php(214): include()
#1 C:\xampp\htdocs\biblioteca\system\View\View.php(217): CodeIgniter\View\View->CodeIgniter\View\{closure}()
#2 C:\xampp\htdocs\biblioteca\system\Common.php(1097): CodeIgniter\View\View->render('login/login.php', Array, true)
#3 C:\xampp\htdocs\biblioteca\app\Controllers\Home.php(14): view('login/login.php')
#4 C:\xampp\htdocs\biblioteca\system\CodeIgniter.php(824): App\Controllers\Home->login()
#5 C:\xampp\htdocs\biblioteca\system\CodeIgniter.php(410): CodeIgniter\CodeIgniter->runController(Object(App\Controllers\Home))
#6 C:\xampp\htdocs\biblioteca\system\CodeIgniter.php(318): CodeIgniter\CodeIgniter->handleRequest(NULL, Object(Config\Cache), false)
#7 C:\xampp\htdocs\biblioteca\public\index.php(37): CodeIgniter\CodeIgniter->run()
#8 C:\xampp\htdocs\biblioteca\system\Commands\Server\rewrite.php(43): require_once('C:\\xampp\\htdocs...')
#9 {main}
CRITICAL - 2021-12-01 13:46:56 --> Call to undefined function set_value()
#0 C:\xampp\htdocs\biblioteca\system\View\View.php(214): include()
#1 C:\xampp\htdocs\biblioteca\system\View\View.php(217): CodeIgniter\View\View->CodeIgniter\View\{closure}()
#2 C:\xampp\htdocs\biblioteca\system\Common.php(1097): CodeIgniter\View\View->render('inicio', Array, true)
#3 C:\xampp\htdocs\biblioteca\app\Controllers\Home.php(9): view('inicio')
#4 C:\xampp\htdocs\biblioteca\system\CodeIgniter.php(824): App\Controllers\Home->index()
#5 C:\xampp\htdocs\biblioteca\system\CodeIgniter.php(410): CodeIgniter\CodeIgniter->runController(Object(App\Controllers\Home))
#6 C:\xampp\htdocs\biblioteca\system\CodeIgniter.php(318): CodeIgniter\CodeIgniter->handleRequest(NULL, Object(Config\Cache), false)
#7 C:\xampp\htdocs\biblioteca\public\index.php(37): CodeIgniter\CodeIgniter->run()
#8 C:\xampp\htdocs\biblioteca\system\Commands\Server\rewrite.php(43): require_once('C:\\xampp\\htdocs...')
#9 {main}
CRITICAL - 2021-12-01 13:47:03 --> Call to undefined function set_value()
#0 C:\xampp\htdocs\biblioteca\system\View\View.php(214): include()
#1 C:\xampp\htdocs\biblioteca\system\View\View.php(217): CodeIgniter\View\View->CodeIgniter\View\{closure}()
#2 C:\xampp\htdocs\biblioteca\system\Common.php(1097): CodeIgniter\View\View->render('inicio', Array, true)
#3 C:\xampp\htdocs\biblioteca\app\Controllers\Home.php(9): view('inicio')
#4 C:\xampp\htdocs\biblioteca\system\CodeIgniter.php(824): App\Controllers\Home->index()
#5 C:\xampp\htdocs\biblioteca\system\CodeIgniter.php(410): CodeIgniter\CodeIgniter->runController(Object(App\Controllers\Home))
#6 C:\xampp\htdocs\biblioteca\system\CodeIgniter.php(318): CodeIgniter\CodeIgniter->handleRequest(NULL, Object(Config\Cache), false)
#7 C:\xampp\htdocs\biblioteca\public\index.php(37): CodeIgniter\CodeIgniter->run()
#8 C:\xampp\htdocs\biblioteca\system\Commands\Server\rewrite.php(43): require_once('C:\\xampp\\htdocs...')
#9 {main}
CRITICAL - 2021-12-01 16:25:46 --> syntax error, unexpected '?>'
#0 C:\xampp\htdocs\biblioteca\system\View\View.php(217): CodeIgniter\View\View->CodeIgniter\View\{closure}()
#1 C:\xampp\htdocs\biblioteca\system\Common.php(1097): CodeIgniter\View\View->render('Usuarios/signin', Array, true)
#2 C:\xampp\htdocs\biblioteca\app\Controllers\SigninController.php(12): view('Usuarios/signin')
#3 C:\xampp\htdocs\biblioteca\system\CodeIgniter.php(824): App\Controllers\SigninController->index()
#4 C:\xampp\htdocs\biblioteca\system\CodeIgniter.php(410): CodeIgniter\CodeIgniter->runController(Object(App\Controllers\SigninController))
#5 C:\xampp\htdocs\biblioteca\system\CodeIgniter.php(318): CodeIgniter\CodeIgniter->handleRequest(NULL, Object(Config\Cache), false)
#6 C:\xampp\htdocs\biblioteca\public\index.php(37): CodeIgniter\CodeIgniter->run()
#7 {main}
CRITICAL - 2021-12-01 18:43:48 --> syntax error, unexpected '?>'
#0 C:\xampp\htdocs\biblioteca\system\View\View.php(217): CodeIgniter\View\View->CodeIgniter\View\{closure}()
#1 C:\xampp\htdocs\biblioteca\system\Common.php(1097): CodeIgniter\View\View->render('catalogo', Array, true)
#2 C:\xampp\htdocs\biblioteca\app\Controllers\LibrosController.php(13): view('catalogo')
#3 C:\xampp\htdocs\biblioteca\system\CodeIgniter.php(824): App\Controllers\LibrosController->index()
#4 C:\xampp\htdocs\biblioteca\system\CodeIgniter.php(410): CodeIgniter\CodeIgniter->runController(Object(App\Controllers\LibrosController))
#5 C:\xampp\htdocs\biblioteca\system\CodeIgniter.php(318): CodeIgniter\CodeIgniter->handleRequest(NULL, Object(Config\Cache), false)
#6 C:\xampp\htdocs\biblioteca\public\index.php(37): CodeIgniter\CodeIgniter->run()
#7 {main}
CRITICAL - 2021-12-01 18:43:59 --> syntax error, unexpected 'echo' (T_ECHO)
#0 C:\xampp\htdocs\biblioteca\system\View\View.php(217): CodeIgniter\View\View->CodeIgniter\View\{closure}()
#1 C:\xampp\htdocs\biblioteca\system\Common.php(1097): CodeIgniter\View\View->render('catalogo', Array, true)
#2 C:\xampp\htdocs\biblioteca\app\Controllers\LibrosController.php(13): view('catalogo')
#3 C:\xampp\htdocs\biblioteca\system\CodeIgniter.php(824): App\Controllers\LibrosController->index()
#4 C:\xampp\htdocs\biblioteca\system\CodeIgniter.php(410): CodeIgniter\CodeIgniter->runController(Object(App\Controllers\LibrosController))
#5 C:\xampp\htdocs\biblioteca\system\CodeIgniter.php(318): CodeIgniter\CodeIgniter->handleRequest(NULL, Object(Config\Cache), false)
#6 C:\xampp\htdocs\biblioteca\public\index.php(37): CodeIgniter\CodeIgniter->run()
#7 {main}
CRITICAL - 2021-12-01 18:44:04 --> syntax error, unexpected 'echo' (T_ECHO)
#0 C:\xampp\htdocs\biblioteca\system\View\View.php(217): CodeIgniter\View\View->CodeIgniter\View\{closure}()
#1 C:\xampp\htdocs\biblioteca\system\Common.php(1097): CodeIgniter\View\View->render('catalogo', Array, true)
#2 C:\xampp\htdocs\biblioteca\app\Controllers\LibrosController.php(13): view('catalogo')
#3 C:\xampp\htdocs\biblioteca\system\CodeIgniter.php(824): App\Controllers\LibrosController->index()
#4 C:\xampp\htdocs\biblioteca\system\CodeIgniter.php(410): CodeIgniter\CodeIgniter->runController(Object(App\Controllers\LibrosController))
#5 C:\xampp\htdocs\biblioteca\system\CodeIgniter.php(318): CodeIgniter\CodeIgniter->handleRequest(NULL, Object(Config\Cache), false)
#6 C:\xampp\htdocs\biblioteca\public\index.php(37): CodeIgniter\CodeIgniter->run()
#7 {main}
CRITICAL - 2021-12-01 18:52:25 --> Invalid file: signup.php
#0 C:\xampp\htdocs\biblioteca\system\View\View.php(198): CodeIgniter\Exceptions\FrameworkException::forInvalidFile('signup.php')
#1 C:\xampp\htdocs\biblioteca\system\Common.php(1097): CodeIgniter\View\View->render('signup', Array, true)
#2 C:\xampp\htdocs\biblioteca\app\Controllers\SignupController.php(47): view('signup', Array)
#3 C:\xampp\htdocs\biblioteca\system\CodeIgniter.php(824): App\Controllers\SignupController->store()
#4 C:\xampp\htdocs\biblioteca\system\CodeIgniter.php(410): CodeIgniter\CodeIgniter->runController(Object(App\Controllers\SignupController))
#5 C:\xampp\htdocs\biblioteca\system\CodeIgniter.php(318): CodeIgniter\CodeIgniter->handleRequest(NULL, Object(Config\Cache), false)
#6 C:\xampp\htdocs\biblioteca\public\index.php(37): CodeIgniter\CodeIgniter->run()
#7 {main}
CRITICAL - 2021-12-01 19:04:12 --> Invalid file: signup.php
#0 C:\xampp\htdocs\biblioteca\system\View\View.php(198): CodeIgniter\Exceptions\FrameworkException::forInvalidFile('signup.php')
#1 C:\xampp\htdocs\biblioteca\system\Common.php(1097): CodeIgniter\View\View->render('signup', Array, true)
#2 C:\xampp\htdocs\biblioteca\app\Controllers\SignupController.php(47): view('signup', Array)
#3 C:\xampp\htdocs\biblioteca\system\CodeIgniter.php(824): App\Controllers\SignupController->store()
#4 C:\xampp\htdocs\biblioteca\system\CodeIgniter.php(410): CodeIgniter\CodeIgniter->runController(Object(App\Controllers\SignupController))
#5 C:\xampp\htdocs\biblioteca\system\CodeIgniter.php(318): CodeIgniter\CodeIgniter->handleRequest(NULL, Object(Config\Cache), false)
#6 C:\xampp\htdocs\biblioteca\public\index.php(37): CodeIgniter\CodeIgniter->run()
#7 {main}
