CRITICAL - 2021-12-02 16:23:27 --> Undefined variable $autores
#0 C:\xampp\htdocs\biblioteca\app\Views\admin\autor\listar.php(306): CodeIgniter\Debug\Exceptions->errorHandler(2, 'Undefined varia...', 'C:\\xampp\\htdocs...', 306)
#1 C:\xampp\htdocs\biblioteca\system\View\View.php(214): include('C:\\xampp\\htdocs...')
#2 C:\xampp\htdocs\biblioteca\system\View\View.php(217): CodeIgniter\View\View->CodeIgniter\View\{closure}()
#3 C:\xampp\htdocs\biblioteca\system\Common.php(1097): CodeIgniter\View\View->render('admin/autor/lis...', Array, true)
#4 C:\xampp\htdocs\biblioteca\app\Controllers\Home.php(36): view('admin/autor/lis...')
#5 C:\xampp\htdocs\biblioteca\system\CodeIgniter.php(824): App\Controllers\Home->adminlistarautor()
#6 C:\xampp\htdocs\biblioteca\system\CodeIgniter.php(410): CodeIgniter\CodeIgniter->runController(Object(App\Controllers\Home))
#7 C:\xampp\htdocs\biblioteca\system\CodeIgniter.php(318): CodeIgniter\CodeIgniter->handleRequest(NULL, Object(Config\Cache), false)
#8 C:\xampp\htdocs\biblioteca\public\index.php(37): CodeIgniter\CodeIgniter->run()
#9 {main}
CRITICAL - 2021-12-02 16:24:02 --> Undefined variable $autores
#0 C:\xampp\htdocs\biblioteca\app\Views\admin\autor\listar.php(306): CodeIgniter\Debug\Exceptions->errorHandler(2, 'Undefined varia...', 'C:\\xampp\\htdocs...', 306)
#1 C:\xampp\htdocs\biblioteca\system\View\View.php(214): include('C:\\xampp\\htdocs...')
#2 C:\xampp\htdocs\biblioteca\system\View\View.php(217): CodeIgniter\View\View->CodeIgniter\View\{closure}()
#3 C:\xampp\htdocs\biblioteca\system\Common.php(1097): CodeIgniter\View\View->render('admin/autor/lis...', Array, true)
#4 C:\xampp\htdocs\biblioteca\app\Controllers\Home.php(36): view('admin/autor/lis...')
#5 C:\xampp\htdocs\biblioteca\system\CodeIgniter.php(824): App\Controllers\Home->adminlistarautor()
#6 C:\xampp\htdocs\biblioteca\system\CodeIgniter.php(410): CodeIgniter\CodeIgniter->runController(Object(App\Controllers\Home))
#7 C:\xampp\htdocs\biblioteca\system\CodeIgniter.php(318): CodeIgniter\CodeIgniter->handleRequest(NULL, Object(Config\Cache), false)
#8 C:\xampp\htdocs\biblioteca\public\index.php(37): CodeIgniter\CodeIgniter->run()
#9 {main}
CRITICAL - 2021-12-02 16:24:04 --> Undefined variable $autores
#0 C:\xampp\htdocs\biblioteca\app\Views\admin\autor\listar.php(306): CodeIgniter\Debug\Exceptions->errorHandler(2, 'Undefined varia...', 'C:\\xampp\\htdocs...', 306)
#1 C:\xampp\htdocs\biblioteca\system\View\View.php(214): include('C:\\xampp\\htdocs...')
#2 C:\xampp\htdocs\biblioteca\system\View\View.php(217): CodeIgniter\View\View->CodeIgniter\View\{closure}()
#3 C:\xampp\htdocs\biblioteca\system\Common.php(1097): CodeIgniter\View\View->render('admin/autor/lis...', Array, true)
#4 C:\xampp\htdocs\biblioteca\app\Controllers\Home.php(36): view('admin/autor/lis...')
#5 C:\xampp\htdocs\biblioteca\system\CodeIgniter.php(824): App\Controllers\Home->adminlistarautor()
#6 C:\xampp\htdocs\biblioteca\system\CodeIgniter.php(410): CodeIgniter\CodeIgniter->runController(Object(App\Controllers\Home))
#7 C:\xampp\htdocs\biblioteca\system\CodeIgniter.php(318): CodeIgniter\CodeIgniter->handleRequest(NULL, Object(Config\Cache), false)
#8 C:\xampp\htdocs\biblioteca\public\index.php(37): CodeIgniter\CodeIgniter->run()
#9 {main}
CRITICAL - 2021-12-02 16:24:25 --> Undefined variable $autores
#0 C:\xampp\htdocs\biblioteca\app\Views\admin\autor\listar.php(306): CodeIgniter\Debug\Exceptions->errorHandler(2, 'Undefined varia...', 'C:\\xampp\\htdocs...', 306)
#1 C:\xampp\htdocs\biblioteca\system\View\View.php(214): include('C:\\xampp\\htdocs...')
#2 C:\xampp\htdocs\biblioteca\system\View\View.php(217): CodeIgniter\View\View->CodeIgniter\View\{closure}()
#3 C:\xampp\htdocs\biblioteca\system\Common.php(1097): CodeIgniter\View\View->render('admin/autor/lis...', Array, true)
#4 C:\xampp\htdocs\biblioteca\app\Controllers\Home.php(36): view('admin/autor/lis...')
#5 C:\xampp\htdocs\biblioteca\system\CodeIgniter.php(824): App\Controllers\Home->adminlistarautor()
#6 C:\xampp\htdocs\biblioteca\system\CodeIgniter.php(410): CodeIgniter\CodeIgniter->runController(Object(App\Controllers\Home))
#7 C:\xampp\htdocs\biblioteca\system\CodeIgniter.php(318): CodeIgniter\CodeIgniter->handleRequest(NULL, Object(Config\Cache), false)
#8 C:\xampp\htdocs\biblioteca\public\index.php(37): CodeIgniter\CodeIgniter->run()
#9 {main}
CRITICAL - 2021-12-02 16:24:55 --> Undefined variable $autores
#0 C:\xampp\htdocs\biblioteca\app\Views\admin\autor\listar.php(306): CodeIgniter\Debug\Exceptions->errorHandler(2, 'Undefined varia...', 'C:\\xampp\\htdocs...', 306)
#1 C:\xampp\htdocs\biblioteca\system\View\View.php(214): include('C:\\xampp\\htdocs...')
#2 C:\xampp\htdocs\biblioteca\system\View\View.php(217): CodeIgniter\View\View->CodeIgniter\View\{closure}()
#3 C:\xampp\htdocs\biblioteca\system\Common.php(1097): CodeIgniter\View\View->render('admin/autor/lis...', Array, true)
#4 C:\xampp\htdocs\biblioteca\app\Controllers\Home.php(36): view('admin/autor/lis...')
#5 C:\xampp\htdocs\biblioteca\system\CodeIgniter.php(824): App\Controllers\Home->adminlistarautor()
#6 C:\xampp\htdocs\biblioteca\system\CodeIgniter.php(410): CodeIgniter\CodeIgniter->runController(Object(App\Controllers\Home))
#7 C:\xampp\htdocs\biblioteca\system\CodeIgniter.php(318): CodeIgniter\CodeIgniter->handleRequest(NULL, Object(Config\Cache), false)
#8 C:\xampp\htdocs\biblioteca\public\index.php(37): CodeIgniter\CodeIgniter->run()
#9 {main}
CRITICAL - 2021-12-02 16:25:52 --> Undefined variable $autores
#0 C:\xampp\htdocs\biblioteca\app\Views\admin\autor\listar.php(306): CodeIgniter\Debug\Exceptions->errorHandler(2, 'Undefined varia...', 'C:\\xampp\\htdocs...', 306)
#1 C:\xampp\htdocs\biblioteca\system\View\View.php(214): include('C:\\xampp\\htdocs...')
#2 C:\xampp\htdocs\biblioteca\system\View\View.php(217): CodeIgniter\View\View->CodeIgniter\View\{closure}()
#3 C:\xampp\htdocs\biblioteca\system\Common.php(1097): CodeIgniter\View\View->render('admin/autor/lis...', Array, true)
#4 C:\xampp\htdocs\biblioteca\app\Controllers\Home.php(36): view('admin/autor/lis...')
#5 C:\xampp\htdocs\biblioteca\system\CodeIgniter.php(824): App\Controllers\Home->adminlistarautor()
#6 C:\xampp\htdocs\biblioteca\system\CodeIgniter.php(410): CodeIgniter\CodeIgniter->runController(Object(App\Controllers\Home))
#7 C:\xampp\htdocs\biblioteca\system\CodeIgniter.php(318): CodeIgniter\CodeIgniter->handleRequest(NULL, Object(Config\Cache), false)
#8 C:\xampp\htdocs\biblioteca\public\index.php(37): CodeIgniter\CodeIgniter->run()
#9 {main}
CRITICAL - 2021-12-02 16:27:39 --> Undefined variable $autores
#0 C:\xampp\htdocs\biblioteca\app\Views\admin\autor\listar.php(306): CodeIgniter\Debug\Exceptions->errorHandler(2, 'Undefined varia...', 'C:\\xampp\\htdocs...', 306)
#1 C:\xampp\htdocs\biblioteca\system\View\View.php(214): include('C:\\xampp\\htdocs...')
#2 C:\xampp\htdocs\biblioteca\system\View\View.php(217): CodeIgniter\View\View->CodeIgniter\View\{closure}()
#3 C:\xampp\htdocs\biblioteca\system\Common.php(1097): CodeIgniter\View\View->render('admin/autor/lis...', Array, true)
#4 C:\xampp\htdocs\biblioteca\app\Controllers\Home.php(36): view('admin/autor/lis...')
#5 C:\xampp\htdocs\biblioteca\system\CodeIgniter.php(824): App\Controllers\Home->adminlistarautor()
#6 C:\xampp\htdocs\biblioteca\system\CodeIgniter.php(410): CodeIgniter\CodeIgniter->runController(Object(App\Controllers\Home))
#7 C:\xampp\htdocs\biblioteca\system\CodeIgniter.php(318): CodeIgniter\CodeIgniter->handleRequest(NULL, Object(Config\Cache), false)
#8 C:\xampp\htdocs\biblioteca\public\index.php(37): CodeIgniter\CodeIgniter->run()
#9 {main}
CRITICAL - 2021-12-02 16:27:41 --> Undefined variable $autores
#0 C:\xampp\htdocs\biblioteca\app\Views\admin\autor\listar.php(306): CodeIgniter\Debug\Exceptions->errorHandler(2, 'Undefined varia...', 'C:\\xampp\\htdocs...', 306)
#1 C:\xampp\htdocs\biblioteca\system\View\View.php(214): include('C:\\xampp\\htdocs...')
#2 C:\xampp\htdocs\biblioteca\system\View\View.php(217): CodeIgniter\View\View->CodeIgniter\View\{closure}()
#3 C:\xampp\htdocs\biblioteca\system\Common.php(1097): CodeIgniter\View\View->render('admin/autor/lis...', Array, true)
#4 C:\xampp\htdocs\biblioteca\app\Controllers\Home.php(36): view('admin/autor/lis...')
#5 C:\xampp\htdocs\biblioteca\system\CodeIgniter.php(824): App\Controllers\Home->adminlistarautor()
#6 C:\xampp\htdocs\biblioteca\system\CodeIgniter.php(410): CodeIgniter\CodeIgniter->runController(Object(App\Controllers\Home))
#7 C:\xampp\htdocs\biblioteca\system\CodeIgniter.php(318): CodeIgniter\CodeIgniter->handleRequest(NULL, Object(Config\Cache), false)
#8 C:\xampp\htdocs\biblioteca\public\index.php(37): CodeIgniter\CodeIgniter->run()
#9 {main}
CRITICAL - 2021-12-02 16:59:54 --> Undefined constant "App\Controllers\admin"
#0 C:\xampp\htdocs\biblioteca\system\CodeIgniter.php(824): App\Controllers\AutoresController->listarAutor()
#1 C:\xampp\htdocs\biblioteca\system\CodeIgniter.php(410): CodeIgniter\CodeIgniter->runController(Object(App\Controllers\AutoresController))
#2 C:\xampp\htdocs\biblioteca\system\CodeIgniter.php(318): CodeIgniter\CodeIgniter->handleRequest(NULL, Object(Config\Cache), false)
#3 C:\xampp\htdocs\biblioteca\public\index.php(37): CodeIgniter\CodeIgniter->run()
#4 {main}
CRITICAL - 2021-12-02 17:04:13 --> Invalid file: admin/libro/listar.php
#0 C:\xampp\htdocs\biblioteca\system\View\View.php(198): CodeIgniter\Exceptions\FrameworkException::forInvalidFile('admin/libro/lis...')
#1 C:\xampp\htdocs\biblioteca\system\Common.php(1097): CodeIgniter\View\View->render('admin/libro/lis...', Array, true)
#2 C:\xampp\htdocs\biblioteca\app\Controllers\Home.php(84): view('admin/libro/lis...')
#3 C:\xampp\htdocs\biblioteca\system\CodeIgniter.php(824): App\Controllers\Home->adminlistarlibro()
#4 C:\xampp\htdocs\biblioteca\system\CodeIgniter.php(410): CodeIgniter\CodeIgniter->runController(Object(App\Controllers\Home))
#5 C:\xampp\htdocs\biblioteca\system\CodeIgniter.php(318): CodeIgniter\CodeIgniter->handleRequest(NULL, Object(Config\Cache), false)
#6 C:\xampp\htdocs\biblioteca\public\index.php(37): CodeIgniter\CodeIgniter->run()
#7 {main}
CRITICAL - 2021-12-02 17:13:03 --> Invalid file: admin/autor/crear.php
#0 C:\xampp\htdocs\biblioteca\system\View\View.php(198): CodeIgniter\Exceptions\FrameworkException::forInvalidFile('admin/autor/cre...')
#1 C:\xampp\htdocs\biblioteca\system\Common.php(1097): CodeIgniter\View\View->render('admin/autor/cre...', Array, true)
#2 C:\xampp\htdocs\biblioteca\app\Controllers\AutoresController.php(23): view('admin/autor/cre...', Array)
#3 C:\xampp\htdocs\biblioteca\system\CodeIgniter.php(824): App\Controllers\AutoresController->crearAutor()
#4 C:\xampp\htdocs\biblioteca\system\CodeIgniter.php(410): CodeIgniter\CodeIgniter->runController(Object(App\Controllers\AutoresController))
#5 C:\xampp\htdocs\biblioteca\system\CodeIgniter.php(318): CodeIgniter\CodeIgniter->handleRequest(NULL, Object(Config\Cache), false)
#6 C:\xampp\htdocs\biblioteca\public\index.php(37): CodeIgniter\CodeIgniter->run()
#7 {main}
CRITICAL - 2021-12-02 17:18:02 --> Undefined variable $header
#0 C:\xampp\htdocs\biblioteca\app\Views\admin\autor\create.php(1): CodeIgniter\Debug\Exceptions->errorHandler(2, 'Undefined varia...', 'C:\\xampp\\htdocs...', 1)
#1 C:\xampp\htdocs\biblioteca\system\View\View.php(214): include('C:\\xampp\\htdocs...')
#2 C:\xampp\htdocs\biblioteca\system\View\View.php(217): CodeIgniter\View\View->CodeIgniter\View\{closure}()
#3 C:\xampp\htdocs\biblioteca\system\Common.php(1097): CodeIgniter\View\View->render('admin/autor/cre...', Array, true)
#4 C:\xampp\htdocs\biblioteca\app\Controllers\AutoresController.php(23): view('admin/autor/cre...', Array)
#5 C:\xampp\htdocs\biblioteca\system\CodeIgniter.php(824): App\Controllers\AutoresController->crearAutor()
#6 C:\xampp\htdocs\biblioteca\system\CodeIgniter.php(410): CodeIgniter\CodeIgniter->runController(Object(App\Controllers\AutoresController))
#7 C:\xampp\htdocs\biblioteca\system\CodeIgniter.php(318): CodeIgniter\CodeIgniter->handleRequest(NULL, Object(Config\Cache), false)
#8 C:\xampp\htdocs\biblioteca\public\index.php(37): CodeIgniter\CodeIgniter->run()
#9 {main}
