CRITICAL - 2021-11-30 21:37:34 --> Call to undefined function set_value()
#0 C:\xampp\htdocs\biblioteca\system\View\View.php(214): include()
#1 C:\xampp\htdocs\biblioteca\system\View\View.php(217): CodeIgniter\View\View->CodeIgniter\View\{closure}()
#2 C:\xampp\htdocs\biblioteca\system\Common.php(1097): CodeIgniter\View\View->render('login/login.php', Array, true)
#3 C:\xampp\htdocs\biblioteca\app\Controllers\Home.php(9): view('login/login.php')
#4 C:\xampp\htdocs\biblioteca\system\CodeIgniter.php(824): App\Controllers\Home->index()
#5 C:\xampp\htdocs\biblioteca\system\CodeIgniter.php(410): CodeIgniter\CodeIgniter->runController(Object(App\Controllers\Home))
#6 C:\xampp\htdocs\biblioteca\system\CodeIgniter.php(318): CodeIgniter\CodeIgniter->handleRequest(NULL, Object(Config\Cache), false)
#7 C:\xampp\htdocs\biblioteca\public\index.php(37): CodeIgniter\CodeIgniter->run()
#8 C:\xampp\htdocs\biblioteca\system\Commands\Server\rewrite.php(43): require_once('C:\\xampp\\htdocs...')
#9 {main}
CRITICAL - 2021-11-30 21:37:39 --> Call to undefined function set_value()
#0 C:\xampp\htdocs\biblioteca\system\View\View.php(214): include()
#1 C:\xampp\htdocs\biblioteca\system\View\View.php(217): CodeIgniter\View\View->CodeIgniter\View\{closure}()
#2 C:\xampp\htdocs\biblioteca\system\Common.php(1097): CodeIgniter\View\View->render('login/login.php', Array, true)
#3 C:\xampp\htdocs\biblioteca\app\Controllers\Home.php(9): view('login/login.php')
#4 C:\xampp\htdocs\biblioteca\system\CodeIgniter.php(824): App\Controllers\Home->index()
#5 C:\xampp\htdocs\biblioteca\system\CodeIgniter.php(410): CodeIgniter\CodeIgniter->runController(Object(App\Controllers\Home))
#6 C:\xampp\htdocs\biblioteca\system\CodeIgniter.php(318): CodeIgniter\CodeIgniter->handleRequest(NULL, Object(Config\Cache), false)
#7 C:\xampp\htdocs\biblioteca\public\index.php(37): CodeIgniter\CodeIgniter->run()
#8 C:\xampp\htdocs\biblioteca\system\Commands\Server\rewrite.php(43): require_once('C:\\xampp\\htdocs...')
#9 {main}
CRITICAL - 2021-11-30 21:37:49 --> Call to undefined function set_value()
#0 C:\xampp\htdocs\biblioteca\system\View\View.php(214): include()
#1 C:\xampp\htdocs\biblioteca\system\View\View.php(217): CodeIgniter\View\View->CodeIgniter\View\{closure}()
#2 C:\xampp\htdocs\biblioteca\system\Common.php(1097): CodeIgniter\View\View->render('login/login.php', Array, true)
#3 C:\xampp\htdocs\biblioteca\app\Controllers\Home.php(9): view('login/login.php')
#4 C:\xampp\htdocs\biblioteca\system\CodeIgniter.php(824): App\Controllers\Home->index()
#5 C:\xampp\htdocs\biblioteca\system\CodeIgniter.php(410): CodeIgniter\CodeIgniter->runController(Object(App\Controllers\Home))
#6 C:\xampp\htdocs\biblioteca\system\CodeIgniter.php(318): CodeIgniter\CodeIgniter->handleRequest(NULL, Object(Config\Cache), false)
#7 C:\xampp\htdocs\biblioteca\public\index.php(37): CodeIgniter\CodeIgniter->run()
#8 {main}
CRITICAL - 2021-11-30 21:39:06 --> Call to undefined function set_value()
#0 C:\xampp\htdocs\biblioteca\system\View\View.php(214): include()
#1 C:\xampp\htdocs\biblioteca\system\View\View.php(217): CodeIgniter\View\View->CodeIgniter\View\{closure}()
#2 C:\xampp\htdocs\biblioteca\system\Common.php(1097): CodeIgniter\View\View->render('login/login.php', Array, true)
#3 C:\xampp\htdocs\biblioteca\app\Controllers\Home.php(9): view('login/login.php')
#4 C:\xampp\htdocs\biblioteca\system\CodeIgniter.php(824): App\Controllers\Home->index()
#5 C:\xampp\htdocs\biblioteca\system\CodeIgniter.php(410): CodeIgniter\CodeIgniter->runController(Object(App\Controllers\Home))
#6 C:\xampp\htdocs\biblioteca\system\CodeIgniter.php(318): CodeIgniter\CodeIgniter->handleRequest(NULL, Object(Config\Cache), false)
#7 C:\xampp\htdocs\biblioteca\public\index.php(37): CodeIgniter\CodeIgniter->run()
#8 C:\xampp\htdocs\biblioteca\system\Commands\Server\rewrite.php(43): require_once('C:\\xampp\\htdocs...')
#9 {main}
CRITICAL - 2021-11-30 21:39:58 --> Call to undefined function set_value()
#0 C:\xampp\htdocs\biblioteca\system\View\View.php(214): include()
#1 C:\xampp\htdocs\biblioteca\system\View\View.php(217): CodeIgniter\View\View->CodeIgniter\View\{closure}()
#2 C:\xampp\htdocs\biblioteca\system\Common.php(1097): CodeIgniter\View\View->render('login/login.php', Array, true)
#3 C:\xampp\htdocs\biblioteca\app\Controllers\Home.php(9): view('login/login.php')
#4 C:\xampp\htdocs\biblioteca\system\CodeIgniter.php(824): App\Controllers\Home->index()
#5 C:\xampp\htdocs\biblioteca\system\CodeIgniter.php(410): CodeIgniter\CodeIgniter->runController(Object(App\Controllers\Home))
#6 C:\xampp\htdocs\biblioteca\system\CodeIgniter.php(318): CodeIgniter\CodeIgniter->handleRequest(NULL, Object(Config\Cache), false)
#7 C:\xampp\htdocs\biblioteca\public\index.php(37): CodeIgniter\CodeIgniter->run()
#8 C:\xampp\htdocs\biblioteca\system\Commands\Server\rewrite.php(43): require_once('C:\\xampp\\htdocs...')
#9 {main}
CRITICAL - 2021-11-30 21:43:31 --> Call to undefined function set_value()
#0 C:\xampp\htdocs\biblioteca\system\View\View.php(214): include()
#1 C:\xampp\htdocs\biblioteca\system\View\View.php(217): CodeIgniter\View\View->CodeIgniter\View\{closure}()
#2 C:\xampp\htdocs\biblioteca\system\Common.php(1097): CodeIgniter\View\View->render('login/login.php', Array, true)
#3 C:\xampp\htdocs\biblioteca\app\Controllers\Home.php(9): view('login/login.php')
#4 C:\xampp\htdocs\biblioteca\system\CodeIgniter.php(824): App\Controllers\Home->index()
#5 C:\xampp\htdocs\biblioteca\system\CodeIgniter.php(410): CodeIgniter\CodeIgniter->runController(Object(App\Controllers\Home))
#6 C:\xampp\htdocs\biblioteca\system\CodeIgniter.php(318): CodeIgniter\CodeIgniter->handleRequest(NULL, Object(Config\Cache), false)
#7 C:\xampp\htdocs\biblioteca\public\index.php(37): CodeIgniter\CodeIgniter->run()
#8 C:\xampp\htdocs\biblioteca\system\Commands\Server\rewrite.php(43): require_once('C:\\xampp\\htdocs...')
#9 {main}
CRITICAL - 2021-11-30 22:06:52 --> Call to undefined function set_value()
#0 C:\xampp\htdocs\biblioteca\system\View\View.php(214): include()
#1 C:\xampp\htdocs\biblioteca\system\View\View.php(217): CodeIgniter\View\View->CodeIgniter\View\{closure}()
#2 C:\xampp\htdocs\biblioteca\system\Common.php(1097): CodeIgniter\View\View->render('login/login.php', Array, true)
#3 C:\xampp\htdocs\biblioteca\app\Controllers\Home.php(9): view('login/login.php')
#4 C:\xampp\htdocs\biblioteca\system\CodeIgniter.php(824): App\Controllers\Home->index()
#5 C:\xampp\htdocs\biblioteca\system\CodeIgniter.php(410): CodeIgniter\CodeIgniter->runController(Object(App\Controllers\Home))
#6 C:\xampp\htdocs\biblioteca\system\CodeIgniter.php(318): CodeIgniter\CodeIgniter->handleRequest(NULL, Object(Config\Cache), false)
#7 C:\xampp\htdocs\biblioteca\public\index.php(37): CodeIgniter\CodeIgniter->run()
#8 C:\xampp\htdocs\biblioteca\system\Commands\Server\rewrite.php(43): require_once('C:\\xampp\\htdocs...')
#9 {main}
